2026-03-26T22:02:00Z INF Thank you for trying Cloudflare Tunnel. Doing so, without a Cloudflare account, is a quick way to experiment and try it out. However, be aware that these account-less Tunnels have no uptime guarantee, are subject to the Cloudflare Online Services Terms of Use (https://www.cloudflare.com/website-terms/), and Cloudflare reserves the right to investigate your use of Tunnels for violations of such terms. If you intend to use Tunnels in production you should use a pre-created named tunnel by following: https://developers.cloudflare.com/cloudflare-one/connections/connect-apps
2026-03-26T22:02:00Z INF Requesting new quick Tunnel on trycloudflare.com...
2026-03-26T22:02:07Z INF +--------------------------------------------------------------------------------------------+
2026-03-26T22:02:07Z INF |  Your quick Tunnel has been created! Visit it at (it may take some time to be reachable):  |
2026-03-26T22:02:07Z INF |  https://southern-using-bought-interactions.trycloudflare.com                              |
2026-03-26T22:02:07Z INF +--------------------------------------------------------------------------------------------+
2026-03-26T22:02:07Z INF Cannot determine default configuration path. No file [config.yml config.yaml] in [~/.cloudflared ~/.cloudflare-warp ~/cloudflare-warp /etc/cloudflared /usr/local/etc/cloudflared]
2026-03-26T22:02:07Z INF Version 2026.3.0 (Checksum 4a9e50e6d6d798e90fcd01933151a90bf7edd99a0a55c28ad18f2e16263a5c30)
2026-03-26T22:02:07Z INF GOOS: linux, GOVersion: go1.24.13, GoArch: amd64
2026-03-26T22:02:07Z INF Settings: map[ha-connections:1 p:http2 protocol:http2 url:http://localhost:4000]
2026-03-26T22:02:07Z INF Autoupdate frequency is set autoupdateFreq=86400000
2026-03-26T22:02:07Z INF Generated Connector ID: eeb395ed-6731-4b81-8817-4390e0e3dca2
2026-03-26T22:02:07Z INF Initial protocol http2
2026-03-26T22:02:07Z INF ICMP proxy will use 192.168.206.56 as source for IPv4
2026-03-26T22:02:07Z INF ICMP proxy will use fe80::56f6:7cc4:cb2:e3e8 in zone wlo1 as source for IPv6
2026-03-26T22:02:07Z WRN The user running cloudflared process has a GID (group ID) that is not within ping_group_range. You might need to add that user to a group within that range, or instead update the range to encompass a group the user is already in by modifying /proc/sys/net/ipv4/ping_group_range. Otherwise cloudflared will not be able to ping this network error="Group ID 1000 is not between ping group 1 to 0"
2026-03-26T22:02:07Z WRN ICMP proxy feature is disabled error="cannot create ICMPv4 proxy: Group ID 1000 is not between ping group 1 to 0 nor ICMPv6 proxy: socket: permission denied"
2026-03-26T22:02:07Z INF ICMP proxy will use 192.168.206.56 as source for IPv4
2026-03-26T22:02:07Z INF ICMP proxy will use fe80::56f6:7cc4:cb2:e3e8 in zone wlo1 as source for IPv6
2026-03-26T22:02:07Z INF Starting metrics server on 127.0.0.1:20241/metrics
2026-03-26T22:02:11Z INF Registered tunnel connection connIndex=0 connection=f201141f-e59c-4414-bcd5-01e233f16133 event=0 ip=198.41.192.77 location=mde01 protocol=http2
2026-03-26T22:08:27Z ERR  error="Incoming request ended abruptly: context canceled" connIndex=0 event=1 ingressRule=0 originService=http://localhost:4000
2026-03-26T22:08:27Z ERR failed to serve incoming request error="Failed to proxy HTTP: Incoming request ended abruptly: context canceled"
2026-03-26T22:09:12Z ERR  error="Incoming request ended abruptly: context canceled" connIndex=0 event=1 ingressRule=0 originService=http://localhost:4000
2026-03-26T22:09:12Z ERR failed to serve incoming request error="Failed to proxy HTTP: Incoming request ended abruptly: context canceled"
2026-03-26T22:10:12Z ERR  error="Incoming request ended abruptly: context canceled" connIndex=0 event=1 ingressRule=0 originService=http://localhost:4000
2026-03-26T22:10:12Z ERR failed to serve incoming request error="Failed to proxy HTTP: Incoming request ended abruptly: context canceled"
2026-03-26T22:14:03Z ERR  error="Incoming request ended abruptly: context canceled" connIndex=0 event=1 ingressRule=0 originService=http://localhost:4000
2026-03-26T22:14:03Z ERR failed to serve incoming request error="Failed to proxy HTTP: Incoming request ended abruptly: context canceled"
2026-03-26T22:41:29Z ERR  error="Incoming request ended abruptly: context canceled" connIndex=0 event=1 ingressRule=0 originService=http://localhost:4000
2026-03-26T22:41:29Z ERR failed to serve incoming request error="Failed to proxy HTTP: Incoming request ended abruptly: context canceled"
